Candidate[3][4]: Won Election! Log: [{0 <nil>}]
Leader[3][4]: received client request: 8884
Leader[3][4]: successfully replicated [{4 8884}] on Peer[4]
Leader[3][4]: successfully replicated [{4 8884}] on Peer[1]
Leader[3][4]: successfully replicated [{4 8884}] on Peer[0]
Leader[3][4]: successfully replicated [{4 8884}] on Peer[2]
(LEADER)[3][4]: Final state commitIndex: 1, lastApplied: 1
Leader[3][4]: received client request: 36
Leader[3][4]: successfully replicated [{4 8884}] on Peer[2]
Leader[3][4]: received client request: 23
Leader[3][4]: successfully replicated [{4 36}] on Peer[0]
Leader[3][4]: successfully replicated [{4 36}] on Peer[4]
(FOLLOWER)[4][4]: Final state commitIndex: 1, lastApplied: 1
(FOLLOWER)[0][4]: Final state commitIndex: 1, lastApplied: 1
(FOLLOWER)[2][4]: Final state commitIndex: 1, lastApplied: 1
Leader[3][4]: successfully replicated [{4 36} {4 23}] on Peer[2]
Leader[3][4]: received client request: 23
Leader[3][4]: successfully replicated [{4 36} {4 23}] on Peer[4]
Leader[3][4]: successfully replicated [{4 36} {4 23}] on Peer[0]
Leader[3][4]: successfully replicated [{4 36}] on Peer[0]
Leader[3][4]: successfully replicated [{4 36}] on Peer[2]
TEST: DISCONNECT 3
Leader[3][4]: successfully replicated [{4 36}] on Peer[4]
(FOLLOWER)[1][4]: Final state commitIndex: 1, lastApplied: 1
Leader[3][4]: successfully replicated [{4 23}] on Peer[0]
Leader[3][4]: received client request: 10
Candidate[2][6]: Won Election! Log: [{0 <nil>} {4 8884} {4 36} {4 23} {4 23}]
Leader[2][6]: received client request: 1
Leader[3][4]: received client request: 12
Leader[2][6]: received client request: 23
Leader[2][6]: successfully replicated [{6 1}] on Peer[4]
Leader[3][4]: received client request: 4
Leader[2][6]: successfully replicated [{4 23} {6 1}] on Peer[1]
Leader[2][6]: successfully replicated [{6 1}] on Peer[0]
TEST: DISCONNECT 2
Leader[2][6]: received client request: 15
Leader[3][4]: received client request: 6
Leader[2][6]: received client request: 30
Leader[3][4]: received client request: 28
Leader[2][6]: received client request: 13
Leader[3][4]: received client request: 4
Leader[2][6]: received client request: 31
Leader[3][4]: received client request: 32
Leader[2][6]: received client request: 32
Leader[3][4]: received client request: 20
Leader[2][6]: received client request: 31
Leader[3][4]: received client request: 18
Leader[2][6]: received client request: 2
Leader[3][4]: received client request: 0
Leader[2][6]: received client request: 37
Leader[3][4]: received client request: 7
Leader[2][6]: received client request: 17
Leader[3][4]: received client request: 33
Leader[2][6]: received client request: 38
Candidate[0][7]: Won Election! Log: [{0 <nil>} {4 8884} {4 36} {4 23} {4 23} {6 1}]
Leader[3][4]: received client request: 7
Leader[0][7]: received client request: 2
Leader[2][6]: received client request: 2
Leader[0][7]: successfully replicated [{7 2}] on Peer[4]
Leader[0][7]: successfully replicated [{7 2}] on Peer[1]
(LEADER)[0][7]: Final state commitIndex: 6, lastApplied: 6
Leader[0][7]: successfully replicated [{7 2}] on Peer[1]
Leader[0][7]: successfully replicated [{7 2}] on Peer[4]
Leader[3][4]: received client request: 39
Leader[0][7]: received client request: 17
(FOLLOWER)[1][7]: Final state commitIndex: 6, lastApplied: 6
Leader[0][7]: successfully replicated [{7 17}] on Peer[1]
Leader[2][6]: received client request: 23
Leader[0][7]: successfully replicated [{7 17}] on Peer[4]
(FOLLOWER)[4][7]: Final state commitIndex: 6, lastApplied: 6
Leader[0][7]: successfully replicated [{7 17}] on Peer[1]
Leader[0][7]: successfully replicated [{7 17}] on Peer[1]
(LEADER)[0][7]: Final state commitIndex: 7, lastApplied: 7
Leader[0][7]: successfully replicated [{7 17}] on Peer[4]
Leader[0][7]: successfully replicated [{7 17}] on Peer[1]
Leader[3][4]: received client request: 26
TEST: DISCONNECT 0
Leader[0][7]: received client request: 28
Leader[2][6]: received client request: 11
Leader[3][4]: received client request: 5
TEST: RECONNECT 2
Leader[0][7]: received client request: 25
Leader[3][4]: received client request: 28
Leader[0][7]: received client request: 34
Leader[3][4]: received client request: 9
Leader[0][7]: received client request: 36
Leader[3][4]: received client request: 26
Leader[0][7]: received client request: 28
Leader[3][4]: received client request: 27
Leader[0][7]: received client request: 37
Leader[3][4]: received client request: 17
Leader[0][7]: received client request: 1
Leader[3][4]: received client request: 20
Leader[0][7]: received client request: 17
Leader[3][4]: received client request: 8
Leader[0][7]: received client request: 7
Leader[3][4]: received client request: 18
Leader[0][7]: received client request: 38
Leader[3][4]: received client request: 10
Leader[0][7]: received client request: 33
Leader[3][4]: received client request: 15
Leader[0][7]: received client request: 21
Leader[3][4]: received client request: 34
Candidate[1][9]: Won Election! Log: [{0 <nil>} {4 8884} {4 36} {4 23} {4 23} {6 1} {7 2} {7 17}]
Leader[0][7]: received client request: 17
Leader[1][9]: received client request: 17
(FOLLOWER)[2][9]: Final state commitIndex: 6, lastApplied: 6
Leader[1][9]: successfully replicated [{7 2} {7 17} {9 17}] on Peer[2]
Leader[1][9]: successfully replicated [{7 2} {7 17} {9 17}] on Peer[4]
(LEADER)[1][9]: Final state commitIndex: 8, lastApplied: 8
Leader[1][9]: successfully replicated [{7 2} {7 17} {9 17}] on Peer[4]
Leader[1][9]: successfully replicated [{7 2} {7 17} {9 17}] on Peer[4]
Leader[3][4]: received client request: 35
Leader[0][7]: received client request: 11
Leader[1][9]: received client request: 37
Leader[1][9]: successfully replicated [{9 37}] on Peer[2]
Leader[1][9]: successfully replicated [{9 37}] on Peer[4]
(LEADER)[1][9]: Final state commitIndex: 9, lastApplied: 9
Leader[1][9]: successfully replicated [{9 37}] on Peer[4]
Leader[1][9]: successfully replicated [{9 37}] on Peer[2]
(FOLLOWER)[2][9]: Final state commitIndex: 8, lastApplied: 8
Leader[1][9]: successfully replicated [{9 37}] on Peer[4]
Leader[1][9]: successfully replicated [{9 37}] on Peer[2]
Leader[1][9]: successfully replicated [{9 37}] on Peer[4]
(FOLLOWER)[4][9]: Final state commitIndex: 8, lastApplied: 8
Leader[1][9]: successfully replicated [{9 37}] on Peer[4]
Leader[1][9]: successfully replicated [{9 37}] on Peer[4]
Leader[1][9]: successfully replicated [{9 37}] on Peer[4]
Leader[1][9]: successfully replicated [{9 37}] on Peer[2]
Leader[3][4]: received client request: 22
Candidate[1][11]: Won Election! Log: [{0 <nil>} {4 8884} {4 36} {4 23} {4 23} {6 1} {7 2} {7 17} {9 17} {9 37}]
Leader[0][7]: received client request: 22
(FOLLOWER)[4][11]: Final state commitIndex: 9, lastApplied: 9
(FOLLOWER)[2][11]: Final state commitIndex: 9, lastApplied: 9
Leader[1][11]: received client request: 26
Leader[1][11]: successfully replicated [{11 26}] on Peer[4]
Leader[1][11]: successfully replicated [{11 26}] on Peer[2]
(LEADER)[1][11]: Final state commitIndex: 10, lastApplied: 10
Leader[1][11]: successfully replicated [{11 26}] on Peer[4]
Leader[3][4]: received client request: 22
TEST: DISCONNECT 1
TEST: RECONNECT 3
Leader[0][7]: received client request: 25
Leader[1][11]: received client request: 32
Leader[0][7]: received client request: 29
Leader[1][11]: received client request: 19
Leader[0][7]: received client request: 33
Leader[1][11]: received client request: 15
Leader[0][7]: received client request: 19
Leader[1][11]: received client request: 28
Leader[0][7]: received client request: 7
Leader[1][11]: received client request: 37
Leader[0][7]: received client request: 5
Leader[1][11]: received client request: 21
Leader[0][7]: received client request: 4
Leader[1][11]: received client request: 4
TEST: ALTOGETHER, RECONNECT 0
TEST: ALTOGETHER, RECONNECT 1
Leader[1][11]: received client request: 3913
Candidate[1][13]: Won Election! Log: [{0 <nil>} {4 8884} {4 36} {4 23} {4 23} {6 1} {7 2} {7 17} {9 17} {9 37} {11 26} {11 32} {11 19} {11 15} {11 28} {11 37} {11 21} {11 4} {12 3913}]
Candidate[1][14]: Won Election! Log: [{0 <nil>} {4 8884} {4 36} {4 23} {4 23} {6 1} {7 2} {7 17} {9 17} {9 37} {11 26} {11 32} {11 19} {11 15} {11 28} {11 37} {11 21} {11 4} {12 3913}]
Candidate[0][15]: Won Election! Log: [{0 <nil>} {4 8884} {4 36} {4 23} {4 23} {6 1} {7 2} {7 17} {7 28} {7 25} {7 34} {7 36} {7 28} {7 37} {7 1} {7 17} {7 7} {7 38} {7 33} {7 21} {7 17} {7 11} {7 22} {7 25} {7 29} {7 33} {7 19} {7 7} {7 5} {7 4}]
(FOLLOWER)[3][15]: Final state commitIndex: 7, lastApplied: 7
Candidate[1][16]: Won Election! Log: [{0 <nil>} {4 8884} {4 36} {4 23} {4 23} {6 1} {7 2} {7 17} {9 17} {9 37} {11 26} {11 32} {11 19} {11 15} {11 28} {11 37} {11 21} {11 4} {12 3913}]
Candidate[0][17]: Won Election! Log: [{0 <nil>} {4 8884} {4 36} {4 23} {4 23} {6 1} {7 2} {7 17} {7 28} {7 25} {7 34} {7 36} {7 28} {7 37} {7 1} {7 17} {7 7} {7 38} {7 33} {7 21} {7 17} {7 11} {7 22} {7 25} {7 29} {7 33} {7 19} {7 7} {7 5} {7 4}]
Candidate[1][18]: Won Election! Log: [{0 <nil>} {4 8884} {4 36} {4 23} {4 23} {6 1} {7 2} {7 17} {9 17} {9 37} {11 26} {11 32} {11 19} {11 15} {11 28} {11 37} {11 21} {11 4} {12 3913}]
Candidate[0][19]: Won Election! Log: [{0 <nil>} {4 8884} {4 36} {4 23} {4 23} {6 1} {7 2} {7 17} {7 28} {7 25} {7 34} {7 36} {7 28} {7 37} {7 1} {7 17} {7 7} {7 38} {7 33} {7 21} {7 17} {7 11} {7 22} {7 25} {7 29} {7 33} {7 19} {7 7} {7 5} {7 4}]
Candidate[4][20]: Won Election! Log: [{0 <nil>} {4 8884} {4 36} {4 23} {4 23} {6 1} {7 2} {7 17} {7 28} {7 25} {7 34} {7 36} {7 28} {7 37} {7 1} {7 17} {7 7} {7 38} {7 33} {7 21} {7 17} {7 11} {7 22} {7 25} {7 29} {7 33} {7 19} {7 7} {7 5} {7 4}]

Apply Error [Commit]: server=3 index=8 28 != server=4 17




(FOLLOWER)[3][20]: Log [{0 <nil>} {4 8884} {4 36} {4 23} {4 23} {6 1} {7 2} {7 17} {7 28} {7 25} {7 34} {7 36} {7 28} {7 37} {7 1} {7 17} {7 7} {7 38} {7 33} {7 21} {7 17} {7 11} {7 22} {7 25} {7 29} {7 33} {7 19} {7 7} {7 5} {7 4}]
Candidate[4][20]:  Log [{0 <nil>} {4 8884} {4 36} {4 23} {4 23} {6 1} {7 2} {7 17} {7 28} {7 25} {7 34} {7 36} {7 28} {7 37} {7 1} {7 17} {7 7} {7 38} {7 33} {7 21} {7 17} {7 11} {7 22} {7 25} {7 29} {7 33} {7 19} {7 7} {7 5} {7 4}]


(FOLLOWER)[3][17]: Log [{0 <nil>} {4 8884} {4 36} {4 23} {4 23} {6 1} {7 2} {7 17} {7 28} {7 25} {7 34} {7 36} {7 28} {7 37} {7 1} {7 17} {7 7} {7 38} {7 33} {7 21} {7 17} {7 11} {7 22} {7 25} {7 29} {7 33} {7 19} {7 7} {7 5} {7 4}]
(FOLLOWER)[3][17]: Log [{0 <nil>} {4 8884} {4 36} {4 23} {4 23} {6 1} {7 2} {7 17} {7 28} {7 25} {7 34} {7 36} {7 28} {7 37} {7 1} {7 17} {7 7} {7 38} {7 33} {7 21} {7 17} {7 11} {7 22} {7 25} {7 29} {7 33} {7 19} {7 7} {7 5} {7 4}]
(FOLLOWER)[3][19]: Log [{0 <nil>} {4 8884} {4 36} {4 23} {4 23} {6 1} {7 2} {7 17} {7 28} {7 25} {7 34} {7 36} {7 28} {7 37} {7 1} {7 17} {7 7} {7 38} {7 33} {7 21} {7 17} {7 11} {7 22} {7 25} {7 29} {7 33} {7 19} {7 7} {7 5} {7 4}]
(FOLLOWER)[3][19]: Log [{0 <nil>} {4 8884} {4 36} {4 23} {4 23} {6 1} {7 2} {7 17} {7 28} {7 25} {7 34} {7 36} {7 28} {7 37} {7 1} {7 17} {7 7} {7 38} {7 33} {7 21} {7 17} {7 11} {7 22} {7 25} {7 29} {7 33} {7 19} {7 7} {7 5} {7 4}]
(FOLLOWER)[3][20]: Log [{0 <nil>} {4 8884} {4 36} {4 23} {4 23} {6 1} {7 2} {7 17} {7 28} {7 25} {7 34} {7 36} {7 28} {7 37} {7 1} {7 17} {7 7} {7 38} {7 33} {7 21} {7 17} {7 11} {7 22} {7 25} {7 29} {7 33} {7 19} {7 7} {7 5} {7 4}]